<?xml version="1.0" encoding="UTF-8"?>
<testsuite name="smarticulous.SmarticulousTest" tests="1" skipped="0" failures="0" errors="0" timestamp="2024-12-26T15:55:08" hostname="Yoavs-MBP.local" time="0.958">
  <properties/>
  <testcase name="submission_getLastSubmissionStatement_withGetSubmission" classname="smarticulous.SmarticulousTest" time="0.958"/>
  <system-out><![CDATA[]]></system-out>
  <system-err><![CDATA[SLF4J: Failed to load class "org.slf4j.impl.StaticLoggerBinder".
SLF4J: Defaulting to no-operation (NOP) logger implementation
SLF4J: See http://www.slf4j.org/codes.html#StaticLoggerBinder for further details.
]]></system-err>
</testsuite>
