<?xml version="1.0" encoding="UTF-8"?>
<testsuite name="files.StreamsTest" tests="8" skipped="0" failures="0" errors="0" timestamp="2024-11-29T16:37:03" hostname="Yoavs-MBP.local" time="0.012">
  <properties/>
  <testcase name="testReadNumberExtended" classname="files.StreamsTest" time="0.0"/>
  <testcase name="testReadNumber" classname="files.StreamsTest" time="0.0"/>
  <testcase name="testGetQuotedExtended" classname="files.StreamsTest" time="0.002"/>
  <testcase name="testReadUntil" classname="files.StreamsTest" time="0.0"/>
  <testcase name="testFilterOut" classname="files.StreamsTest" time="0.0"/>
  <testcase name="testReadUntilExtended" classname="files.StreamsTest" time="0.009"/>
  <testcase name="testFilterOutExtended" classname="files.StreamsTest" time="0.001"/>
  <testcase name="testGetQuoted" classname="files.StreamsTest" time="0.0"/>
  <system-out><![CDATA[]]></system-out>
  <system-err><![CDATA[]]></system-err>
</testsuite>
