<?xml version="1.0" encoding="UTF-8"?>
<testsuite name="files.RandomAccessTest" tests="4" skipped="0" failures="0" errors="0" timestamp="2024-11-29T16:36:59" hostname="Yoavs-MBP.local" time="3.593">
  <properties/>
  <testcase name="testSortTriBytes" classname="files.RandomAccessTest" time="0.001"/>
  <testcase name="testSortTriBytesExtended" classname="files.RandomAccessTest" time="1.001"/>
  <testcase name="testSortBytesExtended" classname="files.RandomAccessTest" time="2.591"/>
  <testcase name="testSortBytes" classname="files.RandomAccessTest" time="0.0"/>
  <system-out><![CDATA[]]></system-out>
  <system-err><![CDATA[]]></system-err>
</testsuite>
