<?xml version="1.0" encoding="UTF-8"?>
<testsuite name="dict.InMemoryDictionaryTest" tests="9" skipped="0" failures="0" errors="0" timestamp="2024-11-29T16:36:59" hostname="Yoavs-MBP.local" time="0.137">
  <properties/>
  <testcase name="clearTest" classname="dict.InMemoryDictionaryTest" time="0.007"/>
  <testcase name="removeElementsInMemoryTest" classname="dict.InMemoryDictionaryTest" time="0.0"/>
  <testcase name="fullRecallTest" classname="dict.InMemoryDictionaryTest" time="0.001"/>
  <testcase name="fullRecallPersistentExtendedTest" classname="dict.InMemoryDictionaryTest" time="0.03"/>
  <testcase name="fullRecallInMemoryExtendedTest" classname="dict.InMemoryDictionaryTest" time="0.014"/>
  <testcase name="fullRecallCombinedExtendedTest" classname="dict.InMemoryDictionaryTest" time="0.023"/>
  <testcase name="extendedCycleTest" classname="dict.InMemoryDictionaryTest" time="0.046"/>
  <testcase name="removeElementsPersistentTest" classname="dict.InMemoryDictionaryTest" time="0.001"/>
  <testcase name="removeElementsPersistentExtendedTest" classname="dict.InMemoryDictionaryTest" time="0.015"/>
  <system-out><![CDATA[]]></system-out>
  <system-err><![CDATA[]]></system-err>
</testsuite>
